2025-10-26 00:43:24,522 - WARNING - (trapped) error reading bcrypt version
Traceback (most recent call last):
  File "C:\Users\yamadarikuto\Mycode\chart-craft-ai\backend\.venv\Lib\site-packages\passlib\handlers\bcrypt.py", line 620, in _load_backend_mixin
    version = _bcrypt.__about__.__version__
              ^^^^^^^^^^^^^^^^^
AttributeError: module 'bcrypt' has no attribute '__about__'
2025-10-26 00:43:24,522 - DEBUG - detected 'bcrypt' backend, version '<unknown>'
2025-10-26 00:43:24,522 - DEBUG - 'bcrypt' backend lacks $2$ support, enabling workaround
2025-10-26 00:43:24,743 - DEBUG - --------------------
2025-10-26 00:43:24,743 - DEBUG - Routing connection: batt1:positive -> r1:left
2025-10-26 00:43:24,743 - DEBUG - Start: x=35 y=50, Direction: left
2025-10-26 00:43:24,743 - DEBUG - End: x=135 y=50, Direction: left
2025-10-26 00:43:24,743 - DEBUG - Hard Obstacles: {(33, 36), (26, 30), (29, 32), (31, 29), (8, 9), (30, 9), (9, 8), (33, 27), (34, 28), (29, 50), (28, 30), (48, 8), (13, 8), (27, 34), (32, 30), (7, 10), (33, 29), (26, 32), (29, 34), (31, 31), (8, 11), (30, 11), (9, 10), (51, 9), (52, 8), (34, 30), (13, 10), (49, 9), (27, 36), (32, 32), (7, 12), (33, 31), (26, 25), (32, 28), (30, 50), (29, 27), (31, 24), (29, 36), (31, 33), (51, 11), (9, 12), (11, 9), (52, 10), (13, 12), (49, 11), (27, 29), (32, 25), (33, 24), (30, 34), (33, 33), (29, 29), (28, 9), (31, 26), (34, 25), (31, 35), (52, 12), (32, 9), (27, 31), (32, 27), (30, 27), (33, 26), (30, 36), (33, 35), (31, 10), (29, 31), (28, 11), (31, 28), (50, 8), (29, 49), (32, 11), (10, 8), (33, 10), (27, 24), (27, 33), (28, 32), (30, 29), (7, 9), (48, 10), (33, 28), (12, 8), (29, 24), (26, 34), (29, 33), (31, 30), (9, 9), (50, 10), (51, 8), (34, 32), (10, 10), (13, 9), (27, 26), (28, 25), (27, 35), (28, 34), (30, 31), (7, 11), (48, 12), (33, 30), (32, 34), (30, 49), (12, 10), (26, 27), (29, 26), (26, 36), (29, 35), (31, 32), (51, 10), (27, 10), (50, 12), (52, 9), (34, 34), (10, 12), (13, 11), (11, 11), (27, 28), (28, 27), (30, 24), (28, 36), (30, 33), (29, 10), (32, 36), (12, 12), (26, 29), (29, 28), (31, 25), (52, 11), (8, 8), (34, 27), (34, 36), (27, 30), (28, 29), (30, 26), (30, 35), (32, 29), (31, 9), (26, 31), (29, 30), (8, 10), (30, 10), (33, 9), (34, 29), (27, 32), (28, 31), (30, 28), (48, 9), (49, 8), (32, 31), (31, 11), (26, 24), (26, 33), (50, 9), (8, 12), (10, 9), (9, 11), (11, 8), (33, 11), (27, 25), (28, 24), (34, 31), (28, 33), (30, 30), (48, 11), (49, 10), (32, 24), (32, 33), (33, 32), (12, 9), (26, 26), (29, 25), (26, 35), (27, 9), (50, 11), (34, 24), (31, 34), (34, 33), (10, 11), (51, 12), (11, 10), (27, 27), (28, 26), (28, 35), (30, 32), (49, 12), (29, 9), (32, 26), (33, 25), (32, 35), (33, 34), (12, 11), (26, 28), (27, 11), (28, 10), (31, 27), (34, 26), (31, 36), (34, 35), (11, 12), (28, 28), (32, 10), (30, 25), (29, 11), (7, 8)}
2025-10-26 00:43:24,743 - DEBUG - Soft Obstacles: set()
2025-10-26 00:43:24,743 - DEBUG - Port Positions: {(24, 30), (36, 30), (33, 10), (7, 10), (13, 10), (30, 26), (52, 10), (48, 10), (27, 10), (30, 50)}
2025-10-26 00:43:24,744 - DEBUG - Route found successfully.
2025-10-26 00:43:24,744 - DEBUG - --------------------
2025-10-26 00:43:24,744 - DEBUG - --------------------
2025-10-26 00:43:24,744 - DEBUG - Routing connection: r1:right -> led1:left
2025-10-26 00:43:24,744 - DEBUG - Start: x=165 y=50, Direction: right
2025-10-26 00:43:24,744 - DEBUG - End: x=240 y=50, Direction: left
2025-10-26 00:43:24,744 - DEBUG - Hard Obstacles: {(33, 36), (26, 30), (29, 32), (31, 29), (8, 9), (30, 9), (9, 8), (33, 27), (34, 28), (29, 50), (28, 30), (48, 8), (13, 8), (27, 34), (32, 30), (33, 29), (26, 32), (29, 34), (31, 31), (8, 11), (30, 11), (9, 10), (51, 9), (52, 8), (34, 30), (13, 10), (49, 9), (27, 36), (32, 32), (7, 12), (33, 31), (26, 25), (32, 28), (30, 50), (29, 27), (31, 24), (29, 36), (31, 33), (51, 11), (9, 12), (11, 9), (52, 10), (13, 12), (49, 11), (27, 29), (32, 25), (33, 24), (30, 34), (33, 33), (29, 29), (28, 9), (31, 26), (34, 25), (31, 35), (52, 12), (32, 9), (27, 31), (32, 27), (30, 27), (33, 26), (30, 36), (33, 35), (31, 10), (29, 31), (28, 11), (31, 28), (50, 8), (29, 49), (32, 11), (10, 8), (33, 10), (27, 24), (27, 33), (28, 32), (30, 29), (48, 10), (33, 28), (12, 8), (29, 24), (26, 34), (29, 33), (31, 30), (9, 9), (50, 10), (51, 8), (34, 32), (10, 10), (13, 9), (27, 26), (28, 25), (27, 35), (28, 34), (30, 31), (48, 12), (33, 30), (32, 34), (30, 49), (12, 10), (26, 27), (29, 26), (26, 36), (29, 35), (31, 32), (51, 10), (50, 12), (52, 9), (34, 34), (10, 12), (13, 11), (11, 11), (27, 28), (28, 27), (30, 24), (28, 36), (30, 33), (29, 10), (32, 36), (12, 12), (26, 29), (29, 28), (31, 25), (52, 11), (8, 8), (34, 27), (34, 36), (27, 30), (28, 29), (30, 26), (30, 35), (32, 29), (31, 9), (26, 31), (29, 30), (30, 10), (33, 9), (34, 29), (27, 32), (28, 31), (30, 28), (48, 9), (49, 8), (32, 31), (31, 11), (26, 24), (26, 33), (50, 9), (8, 12), (10, 9), (9, 11), (11, 8), (33, 11), (27, 25), (28, 24), (34, 31), (28, 33), (30, 30), (48, 11), (49, 10), (32, 24), (32, 33), (33, 32), (12, 9), (26, 26), (29, 25), (26, 35), (50, 11), (34, 24), (31, 34), (34, 33), (10, 11), (51, 12), (11, 10), (27, 27), (28, 26), (28, 35), (30, 32), (49, 12), (29, 9), (32, 26), (33, 25), (32, 35), (33, 34), (12, 11), (26, 28), (31, 27), (34, 26), (31, 36), (34, 35), (11, 12), (28, 28), (32, 10), (30, 25), (29, 11), (7, 8)}
2025-10-26 00:43:24,745 - DEBUG - Soft Obstacles: {(7, 10), (27, 7), (6, 7), (27, 10), (6, 10)}
2025-10-26 00:43:24,745 - DEBUG - Port Positions: {(24, 30), (36, 30), (33, 10), (7, 10), (13, 10), (30, 26), (52, 10), (48, 10), (27, 10), (30, 50)}
2025-10-26 00:43:24,745 - DEBUG - Route found successfully.
2025-10-26 00:43:24,745 - DEBUG - --------------------
2025-10-26 00:43:24,745 - DEBUG - --------------------
2025-10-26 00:43:24,745 - DEBUG - Routing connection: q1:emitter -> gnd:None
2025-10-26 00:43:24,745 - DEBUG - Start: x=120 y=150, Direction: down
2025-10-26 00:43:24,745 - DEBUG - End: x=150 y=250, Direction:
2025-10-26 00:43:24,746 - DEBUG - Hard Obstacles: {(33, 36), (26, 30), (29, 32), (31, 29), (8, 9), (30, 9), (9, 8), (33, 27), (34, 28), (29, 50), (28, 30), (48, 8), (13, 8), (27, 34), (32, 30), (33, 29), (26, 32), (29, 34), (31, 31), (8, 11), (30, 11), (9, 10), (51, 9), (52, 8), (34, 30), (13, 10), (49, 9), (27, 36), (32, 32), (7, 12), (33, 31), (26, 25), (32, 28), (30, 50), (29, 27), (31, 24), (29, 36), (31, 33), (51, 11), (9, 12), (11, 9), (52, 10), (13, 12), (49, 11), (27, 29), (32, 25), (33, 24), (30, 34), (33, 33), (29, 29), (28, 9), (31, 26), (34, 25), (31, 35), (52, 12), (32, 9), (27, 31), (32, 27), (30, 27), (33, 26), (30, 36), (33, 35), (31, 10), (29, 31), (28, 11), (31, 28), (50, 8), (29, 49), (32, 11), (10, 8), (27, 24), (27, 33), (28, 32), (30, 29), (33, 28), (12, 8), (29, 24), (26, 34), (29, 33), (31, 30), (9, 9), (50, 10), (51, 8), (34, 32), (10, 10), (13, 9), (27, 26), (28, 25), (27, 35), (28, 34), (30, 31), (48, 12), (33, 30), (32, 34), (30, 49), (12, 10), (26, 27), (29, 26), (26, 36), (29, 35), (31, 32), (51, 10), (50, 12), (52, 9), (34, 34), (10, 12), (13, 11), (11, 11), (27, 28), (28, 27), (30, 24), (28, 36), (30, 33), (29, 10), (32, 36), (12, 12), (26, 29), (29, 28), (31, 25), (52, 11), (8, 8), (34, 27), (34, 36), (27, 30), (28, 29), (30, 26), (30, 35), (32, 29), (31, 9), (26, 31), (29, 30), (30, 10), (34, 29), (27, 32), (28, 31), (30, 28), (49, 8), (32, 31), (31, 11), (26, 24), (26, 33), (50, 9), (8, 12), (10, 9), (9, 11), (11, 8), (27, 25), (28, 24), (34, 31), (28, 33), (30, 30), (32, 24), (32, 33), (33, 32), (12, 9), (26, 26), (29, 25), (26, 35), (50, 11), (34, 24), (31, 34), (34, 33), (10, 11), (51, 12), (11, 10), (27, 27), (28, 26), (28, 35), (30, 32), (49, 12), (29, 9), (32, 26), (33, 25), (32, 35), (33, 34), (12, 11), (26, 28), (31, 27), (34, 26), (31, 36), (34, 35), (11, 12), (28, 28), (30, 25), (29, 11), (7, 8)}
2025-10-26 00:43:24,746 - DEBUG - Soft Obstacles: {(33, 10), (7, 10), (27, 7), (6, 7), (48, 10), (27, 10), (6, 10)}
2025-10-26 00:43:24,746 - DEBUG - Port Positions: {(24, 30), (36, 30), (33, 10), (7, 10), (13, 10), (30, 26), (52, 10), (48, 10), (27, 10), (30, 50)}
2025-10-26 00:43:24,746 - DEBUG - Route found successfully.
2025-10-26 00:43:24,746 - DEBUG - --------------------
2025-10-26 00:43:24,746 - DEBUG - --------------------
2025-10-26 00:43:24,746 - DEBUG - Routing connection: led1:right -> q1:collector
2025-10-26 00:43:24,746 - DEBUG - Start: x=260 y=50, Direction: right
2025-10-26 00:43:24,746 - DEBUG - End: x=180 y=150, Direction: up
2025-10-26 00:43:24,746 - DEBUG - Hard Obstacles: {(33, 36), (26, 30), (29, 32), (31, 29), (8, 9), (30, 9), (9, 8), (33, 27), (34, 28), (28, 30), (48, 8), (13, 8), (27, 34), (32, 30), (33, 29), (26, 32), (29, 34), (31, 31), (8, 11), (30, 11), (9, 10), (51, 9), (52, 8), (34, 30), (13, 10), (49, 9), (27, 36), (32, 32), (7, 12), (33, 31), (26, 25), (32, 28), (29, 27), (31, 24), (29, 36), (31, 33), (51, 11), (9, 12), (11, 9), (52, 10), (13, 12), (49, 11), (27, 29), (32, 25), (33, 24), (30, 34), (33, 33), (29, 29), (28, 9), (31, 26), (34, 25), (31, 35), (52, 12), (32, 9), (27, 31), (32, 27), (30, 27), (33, 26), (30, 36), (33, 35), (31, 10), (29, 31), (28, 11), (31, 28), (50, 8), (29, 49), (32, 11), (10, 8), (27, 24), (27, 33), (28, 32), (30, 29), (33, 28), (12, 8), (29, 24), (26, 34), (29, 33), (31, 30), (9, 9), (50, 10), (51, 8), (34, 32), (10, 10), (13, 9), (27, 26), (28, 25), (27, 35), (28, 34), (30, 31), (48, 12), (33, 30), (32, 34), (12, 10), (26, 27), (29, 26), (26, 36), (29, 35), (31, 32), (51, 10), (50, 12), (52, 9), (34, 34), (10, 12), (13, 11), (11, 11), (27, 28), (28, 27), (30, 24), (28, 36), (30, 33), (29, 10), (32, 36), (12, 12), (26, 29), (29, 28), (31, 25), (52, 11), (8, 8), (34, 27), (34, 36), (27, 30), (28, 29), (30, 26), (30, 35), (32, 29), (31, 9), (26, 31), (29, 30), (30, 10), (34, 29), (27, 32), (28, 31), (30, 28), (49, 8), (32, 31), (31, 11), (26, 24), (26, 33), (50, 9), (8, 12), (10, 9), (9, 11), (11, 8), (27, 25), (28, 24), (34, 31), (28, 33), (30, 30), (32, 24), (32, 33), (33, 32), (12, 9), (26, 26), (29, 25), (26, 35), (50, 11), (34, 24), (31, 34), (34, 33), (10, 11), (51, 12), (11, 10), (27, 27), (28, 26), (28, 35), (30, 32), (49, 12), (29, 9), (32, 26), (33, 25), (32, 35), (33, 34), (12, 11), (26, 28), (31, 27), (34, 26), (31, 36), (34, 35), (11, 12), (28, 28), (30, 25), (29, 11), (7, 8)}
2025-10-26 00:43:24,746 - DEBUG - Soft Obstacles: {(24, 30), (33, 10), (7, 10), (27, 7), (6, 7), (48, 10), (27, 10), (6, 10), (24, 50), (30, 50)}
2025-10-26 00:43:24,747 - DEBUG - Port Positions: {(24, 30), (36, 30), (33, 10), (7, 10), (13, 10), (30, 26), (52, 10), (48, 10), (27, 10), (30, 50)}
2025-10-26 00:43:24,747 - DEBUG - Route found successfully.
2025-10-26 00:43:24,747 - DEBUG - --------------------
2025-10-26 00:43:24,747 - DEBUG - --------------------
2025-10-26 00:43:24,748 - DEBUG - Routing connection: batt1:negative -> q1:base
2025-10-26 00:43:24,748 - DEBUG - Start: x=65 y=50, Direction: right
2025-10-26 00:43:24,748 - DEBUG - End: x=150 y=130, Direction: left
2025-10-26 00:43:24,748 - DEBUG - Hard Obstacles: {(33, 36), (26, 30), (29, 32), (31, 29), (8, 9), (30, 9), (9, 8), (33, 27), (34, 28), (28, 30), (48, 8), (13, 8), (27, 34), (32, 30), (33, 29), (26, 32), (29, 34), (31, 31), (8, 11), (30, 11), (9, 10), (51, 9), (52, 8), (34, 30), (13, 10), (49, 9), (27, 36), (32, 32), (7, 12), (33, 31), (26, 25), (32, 28), (29, 27), (31, 24), (29, 36), (31, 33), (51, 11), (9, 12), (11, 9), (13, 12), (49, 11), (27, 29), (32, 25), (33, 24), (30, 34), (33, 33), (29, 29), (28, 9), (31, 26), (34, 25), (31, 35), (52, 12), (32, 9), (27, 31), (32, 27), (30, 27), (33, 26), (30, 36), (33, 35), (31, 10), (29, 31), (28, 11), (31, 28), (50, 8), (29, 49), (32, 11), (10, 8), (27, 24), (27, 33), (28, 32), (30, 29), (33, 28), (12, 8), (29, 24), (26, 34), (29, 33), (31, 30), (9, 9), (50, 10), (51, 8), (34, 32), (10, 10), (13, 9), (27, 26), (28, 25), (27, 35), (28, 34), (30, 31), (48, 12), (33, 30), (32, 34), (12, 10), (26, 27), (29, 26), (26, 36), (29, 35), (31, 32), (50, 12), (34, 34), (10, 12), (13, 11), (11, 11), (27, 28), (28, 27), (30, 24), (28, 36), (30, 33), (29, 10), (32, 36), (12, 12), (26, 29), (29, 28), (31, 25), (8, 8), (34, 27), (34, 36), (27, 30), (28, 29), (30, 26), (30, 35), (32, 29), (31, 9), (26, 31), (29, 30), (30, 10), (34, 29), (27, 32), (28, 31), (30, 28), (49, 8), (32, 31), (31, 11), (26, 24), (26, 33), (50, 9), (8, 12), (10, 9), (9, 11), (11, 8), (27, 25), (28, 24), (34, 31), (28, 33), (30, 30), (32, 24), (32, 33), (33, 32), (12, 9), (26, 26), (29, 25), (26, 35), (50, 11), (34, 24), (31, 34), (34, 33), (10, 11), (51, 12), (11, 10), (27, 27), (28, 26), (28, 35), (30, 32), (49, 12), (29, 9), (32, 26), (33, 25), (32, 35), (33, 34), (12, 11), (26, 28), (31, 27), (34, 26), (31, 36), (34, 35), (11, 12), (28, 28), (30, 25), (29, 11), (7, 8)}
2025-10-26 00:43:24,748 - DEBUG - Soft Obstacles: {(24, 30), (36, 30), (53, 30), (33, 10), (7, 10), (52, 10), (27, 7), (53, 10), (6, 7), (48, 10), (27, 10), (6, 10), (24, 50), (30, 50)}
2025-10-26 00:43:24,748 - DEBUG - Port Positions: {(24, 30), (36, 30), (33, 10), (7, 10), (13, 10), (30, 26), (52, 10), (48, 10), (27, 10), (30, 50)}
2025-10-26 00:43:24,831 - DEBUG - Route not found. Drawing fallback line.
2025-10-26 00:43:24,831 - DEBUG - --------------------
